
Microarray Filter and Analysis Tool:
FLD score: -2.29404546956229
FLD score: -0.0927375493191584
FLD score: -0.0660533052300518
FLD score: 0.00979620681231449
FLD score: -0.160499178466685
FLD score: 0.249599301821583
FLD score: 0.0351617778063699
FLD score: 0.296917104464248
FLD score: -0.301719580045906
FLD score: 0.0553359152173446
FLD score: 0.0415203818315344
FLD score: 0.00452626520989815
FLD score: -0.0840150835528314
FLD score: -0.10756389178471
FLD score: -0.0104476262840101
FLD score: 0.279791110208106
FLD score: 0.090422923821848
FLD score: 0.07182417643689
FLD score: -0.20293927254667
FLD score: 0.0355684187103804
FLD score: -0.0457873721554695
FLD score: 0.23071068384738
FLD score: 0.0995900858727666
FLD score: -0.0524850401156813
FLD score: 0.122516015282031
FLD score: 0.146967138170771
FLD score: -0.144411059407799
FLD score: -0.315129847206438
FLD score: -0.296771908552079
FLD score: -0.0266451313974056
FLD score: 0.102345025868951
FLD score: -0.20130766134073
FLD score: 0.0875600432513373
FLD score: 0.0127112026882684
FLD score: -0.0246746302445979
FLD score: -0.0112115765687195
FLD score: -0.279768573215079
FLD score: 0.0143575427526167
FLD score: 0.0107908737141582
FLD score: 0.0521067013388507
FLD score: -0.155568649228111
FLD score: -0.153443891508885
FLD score: 0.129071207815788
FLD score: -0.0305690467311849
FLD score: 0.31489146833291
FLD score: -0.00494084607026832
FLD score: 0.0421704856389605
FLD score: 0.147419823645868
FLD score: 0.0517063248091916
FLD score: 0.0829255283902095
FLD score: -0.046704583232969
FLD score: 0.1024925560799
FLD score: 0.0398331152017577
FLD score: 0.203553956030643
FLD score: 0.215290559775338
FLD score: 0.0563359865982986
FLD score: -0.00646323440645516
FLD score: 0.200872792419286
FLD score: -0.0439461962385154
FLD score: -0.0992394640006549
FLD score: 0.254398416569314
FLD score: 0.0591159728163203
FLD score: 0.00775517102065721
FLD score: 0.0840506100680199
FLD score: 0.0509471937638494
FLD score: -0.415159446431533
FLD score: 0.167970700563439
FLD score: -0.29894970248997
FLD score: 0.280692930756019
FLD score: 0.296695629562478
FLD score: 0.0247387976358372
FLD score: 0.00732739289004776
FLD score: -0.166748227277569
FLD score: -0.123965510241336
FLD score: 0.0201187175333219
FLD score: 0.199632607500005
FLD score: 0.255863412823365
FLD score: -0.0319482948354509
FLD score: 0.183106236182627
FLD score: -0.0733960811076807
FLD score: 0.0450461980010697
FLD score: 0.0505443785311119
FLD score: 0.0552860080681178
FLD score: -0.260517426018317
FLD score: 0.152225176587862
FLD score: 0.259673112524796
FLD score: 0.227638937659185
FLD score: 0.0584161152085185
FLD score: 0.206405802887411
FLD score: 0.000482054271675109
FLD score: 0.0255544840325966
FLD score: 0.0277295408259847
FLD score: -0.0124941698013603
FLD score: -0.0427020738800722
FLD score: 0.264379550952984
FLD score: -0.020875690400358
FLD score: 0.196098051500613
FLD score: 0.00926081844104254
FLD score: 0.124614080380146
FLD score: 0.0361668336466355
Current cycle: 100
FLD score: -0.115663403745349
FLD score: -0.111742191555042
FLD score: 0.186131856221257
FLD score: 0.0830707305557725
FLD score: 0.0542728733266738
FLD score: -0.113462680859603
FLD score: -0.179140881319525
FLD score: -0.0544891033651104
FLD score: 0.417767594315505
FLD score: 0.0374078692956191
FLD score: 0.0478222062562185
FLD score: -0.0398486511839171
FLD score: -0.0754269081373736
FLD score: 0.189779094552763
FLD score: 0.227996791303995
FLD score: 0.270653659491316
FLD score: 0.189200877319526
FLD score: 0.145097030998648
FLD score: 0.283229637573897
FLD score: 0.355832757805117
FLD score: -0.198059595012975
FLD score: 0.111611115531483
FLD score: 0.204346963723658
FLD score: -0.0382988561908797
FLD score: -0.0491895430700618
FLD score: -0.303794918358174
FLD score: 0.0228256955983915
FLD score: 0.0335125617140831
FLD score: 0.0682671179494103
FLD score: -0.37598713066923
FLD score: -0.0168768169974835
FLD score: -0.0161666019586357
FLD score: -0.287018625539965
FLD score: -0.122966554517148
FLD score: 0.204255713199487
FLD score: -0.257060078989504
FLD score: 0.0156738541396805
FLD score: 0.283741486642328
FLD score: 0.102572351265136
FLD score: -0.113474826494365
FLD score: -0.0273730996722569
FLD score: 0.0323585012419009
FLD score: -0.0989646672193578
FLD score: 0.0159742424793971
FLD score: -0.0753526599582351
FLD score: 0.0546738044035397
FLD score: -0.316501454957175
FLD score: 0.163913988047749
FLD score: 0.0380723725619968
FLD score: 0.228443276724496
FLD score: -0.0292535258984579
FLD score: -0.248233912863696
FLD score: 0.16013973691358
FLD score: -0.168962020043102
FLD score: -0.171624614964582
FLD score: 0.13150869486828
FLD score: -0.112544361811049
FLD score: 0.0740591725574064
FLD score: 0.147403144140559
FLD score: -0.0408362604033246
FLD score: -0.0734816569985463
FLD score: 0.216239322457892
FLD score: 0.167501264634334
FLD score: 0.12340543482732
FLD score: 0.27920335768064
FLD score: -0.170587053997525
FLD score: 0.20543701627783
FLD score: -0.22876099325261
FLD score: -0.0950946427646532
FLD score: 0.0010564488507414
FLD score: -0.124125125776587
FLD score: -0.0496201599128484
FLD score: 0.154152578095305
FLD score: -0.10323729232661
FLD score: -0.025661277152781
FLD score: 0.261446706594915
FLD score: -0.241823592880694
FLD score: -0.0748889164611824
FLD score: -0.00624355432315378
FLD score: 0.0170770637615252
FLD score: -0.086147872523282
FLD score: 0.109452970154185
FLD score: -0.109398850552628
FLD score: 0.113166705210296
FLD score: 0.11983253043357
FLD score: -0.222698389726433
FLD score: -0.203913942635519
FLD score: 0.0231172578336343
FLD score: 0.0782920290169264
FLD score: 0.144176636935714
FLD score: -0.114748161677023
FLD score: -0.259750474087216
FLD score: -0.0777557619060039
FLD score: 0.195330107814357
FLD score: 0.17565552491543
FLD score: 0.0289326566971282
FLD score: -0.0684020517375982
FLD score: -0.0904879072119518
FLD score: 0.126268121636238
FLD score: 0.365081883109399
Current cycle: 200
FLD score: 0.012082006691116
FLD score: 0.0292935916463459
FLD score: 0.0803807445700542
FLD score: -0.256682486553159
FLD score: 0.180979046586373
FLD score: 0.129542020551531
FLD score: 0.0360988392211687
FLD score: -0.190931918905214
FLD score: -0.125732017317128
FLD score: 0.0912376109439409
FLD score: 0.293813689649778
FLD score: -0.165233368368717
FLD score: 0.200192801178329
FLD score: -0.157561755677821
FLD score: -0.115689616206564
FLD score: -0.047337332620779
FLD score: 0.0449207746728599
FLD score: 0.156087957889168
FLD score: 0.244315943468776
FLD score: -0.0716668961848848
FLD score: -0.20596396648528
FLD score: -0.00269520295744034
FLD score: -0.329569405945753
FLD score: 0.10999678529791
FLD score: -0.129895699411847
FLD score: 0.190126787538539
FLD score: 0.0885877497927351
FLD score: -0.0268517740905721
FLD score: -0.0160881253238923
FLD score: 0.0828624177432068
FLD score: -0.0212520344567099
FLD score: 0.103380915140352
FLD score: 0.0690568910720735
FLD score: -0.072626636378381
FLD score: 0.31461290864015
FLD score: -0.280215296901296
FLD score: 0.190200472688125
FLD score: 0.288006945842206
FLD score: 0.0477795660033918
FLD score: -0.23706416553993
FLD score: 0.0820227969580006
FLD score: 0.0241556186972972
FLD score: 0.288409022545828
FLD score: 0.0139873681040381
FLD score: 0.102857643031072
FLD score: -0.0116195817908221
FLD score: -0.0434143725377458
FLD score: 0.0606280641643125
FLD score: -0.150294455742442
FLD score: -0.0625122473110337
FLD score: -0.157999557435088
FLD score: -0.160798944816199
FLD score: -0.062295100276933
FLD score: 0.122723359851926
FLD score: 0.0869273554956174
FLD score: -0.188375906157638
FLD score: 0.284145177940736
FLD score: -0.158473119580878
FLD score: -0.0499221282093282
FLD score: 0.0863845368711184
FLD score: 0.342023262708797
FLD score: 0.268729491009882
FLD score: -0.0134413865085976
FLD score: 0.184581607481501
FLD score: 0.0812862306346947
FLD score: 0.172220182292414
FLD score: 0.255370924602552
FLD score: 0.0765633995300495
FLD score: -0.243827786014544
FLD score: 0.163548612559303
FLD score: -0.104417387409458
FLD score: 0.0720854745129859
FLD score: 0.0443669802860096
FLD score: 0.226930856816076
FLD score: -0.118553131665284
FLD score: 0.175591197704033
FLD score: 0.000457683676329158
FLD score: 0.354762791643238
FLD score: 0.0252413816431508
FLD score: 0.0369140293703093
FLD score: 0.214994200691897
FLD score: 0.121471104094124
FLD score: -0.159190988858421
FLD score: 0.209619712529798
FLD score: 0.0401304958770318
FLD score: 0.318755241087319
FLD score: 0.192496023335978
FLD score: 0.32051116053506
FLD score: 0.214945192535368
FLD score: -0.113434312714794
FLD score: 0.0715336104063564
FLD score: -0.16408801252903
FLD score: 0.0354617233600206
FLD score: -0.052108308136384
FLD score: 0.101284163504605
FLD score: 0.0983189553225456
FLD score: -0.10558537679742
FLD score: 0.13448561951682
FLD score: -0.00881135080997079
FLD score: 0.0600595901661388
Current cycle: 300
FLD score: 0.186552074831497
FLD score: -0.198426781344207
FLD score: -0.231989684506291
FLD score: -0.0056468275343383
FLD score: -0.111167311070904
FLD score: 0.0186538410616482
FLD score: -0.184687061290449
FLD score: 0.239078117784098
FLD score: 0.147275207258322
FLD score: 0.254504809768731
FLD score: 0.157494649274603
FLD score: 0.258689275398102
FLD score: 0.088653393077932
FLD score: -0.0295317125127456
FLD score: 0.0749918883324219
FLD score: 0.212727276286749
FLD score: -0.0781307165937845
FLD score: 0.0282883151647871
FLD score: 0.00582795001942296
FLD score: 0.00411707888792353
FLD score: 0.0109210832601164
FLD score: -0.00343430389757201
FLD score: 0.0871234466421101
FLD score: 0.271043782261609
FLD score: 0.0787018707337325
FLD score: 0.11848858252545
FLD score: 0.0563794747088055
FLD score: 0.00643768769330729
FLD score: -0.251700348002051
FLD score: 0.118861819982888
FLD score: -0.116468355306234
FLD score: 0.14611082605388
FLD score: 0.313723876766858
FLD score: 0.0404651664182615
FLD score: 0.0647373988680001
FLD score: -0.258849650193792
FLD score: -0.211292793038949
FLD score: -0.40139859647563
FLD score: 0.113948842594554
FLD score: 0.00200902039687474
FLD score: 0.0674161587575183
FLD score: -0.0380006452465912
FLD score: -0.184886796994435
FLD score: -0.162249395810595
FLD score: 0.0899750953613168
FLD score: 0.261304173628322
FLD score: -0.177231689083113
FLD score: 0.12596787936458
FLD score: 0.0122578136021621
FLD score: 0.187226627239115
FLD score: 0.00614132153147806
FLD score: -0.0511105502765732
FLD score: 0.0826919312099302
FLD score: 0.065176996621913
FLD score: 0.171817513161033
FLD score: 0.208690672215567
FLD score: 0.262996760807898
FLD score: 0.106965811915309
FLD score: -0.00688207738376379
FLD score: 0.0312995376911971
FLD score: 0.123878130676413
FLD score: 0.113988097422695
FLD score: 0.189166186489601
FLD score: 0.158539533720234
FLD score: 0.182634067471802
FLD score: -0.158253011062921
FLD score: 0.384504911819749
FLD score: 0.105278919630363
FLD score: -0.127135057550149
FLD score: -0.1082707671456
FLD score: -0.0249633639236137
FLD score: 0.326245397038981
FLD score: 0.0859509322682517
FLD score: 0.109518862624051
FLD score: 0.177692142521447
FLD score: -0.0280591157140328
FLD score: 0.137575956443728
FLD score: -0.18266520680427
FLD score: -0.158702721274961
FLD score: -0.0780044158621249
FLD score: -0.139370696883335
FLD score: 0.479959154102301
FLD score: -0.201025771258649
FLD score: -0.0408213168488233
FLD score: 0.20385417535253
FLD score: -0.212833754223463
FLD score: 0.00106392592950191
FLD score: 0.00602012098814653
FLD score: -0.0958172218814791
FLD score: -0.0504932144653423
FLD score: 0.127984051778094
FLD score: 0.0686604783966681
FLD score: 0.128418592645252
FLD score: -0.021352693903217
FLD score: 0.0959800227634378
FLD score: -0.252203387421187
FLD score: -0.0877082007659265
FLD score: 0.232070550421757
FLD score: 0.0822464047390966
FLD score: 0.274102284465169
Current cycle: 400
FLD score: -0.0990102795087142
FLD score: 0.106136955727383
FLD score: 0.131253647795934
FLD score: 0.0798268611866092
FLD score: 0.020410691943975
FLD score: 0.191366095839985
FLD score: 0.0918396753099054
FLD score: 0.080350281260627
FLD score: 0.0964706436241503
FLD score: 0.202698259660043
FLD score: 0.0651758030917951
FLD score: -0.362366884370476
FLD score: 0.142924223429747
FLD score: 0.0420941591305853
FLD score: -0.172944705900571
FLD score: 0.134370619350753
FLD score: 0.0998290066746717
FLD score: 0.103117276472736
FLD score: 0.121422289257774
FLD score: 0.0217852406196097
FLD score: -0.1489129649889
FLD score: 0.115403163538689
FLD score: -0.0300778032812953
FLD score: -0.28628370956313
FLD score: -0.017993176846064
FLD score: 0.116468887314531
FLD score: -0.160033188409675
FLD score: 0.0675563576210671
FLD score: -0.0572342707885217
FLD score: 0.0635598662489899
FLD score: 0.112593641453519
FLD score: 0.0118057281854779
FLD score: 0.0948060358486196
FLD score: -0.0546161853979518
FLD score: -0.062552860975092
FLD score: 0.0424552348054848
FLD score: 0.299866901056379
FLD score: 0.0195623681320997
FLD score: -0.162934169652838
FLD score: 0.288382266999818
FLD score: 0.301023568699518
FLD score: 0.0332426072504793
FLD score: -0.0735299124846007
FLD score: -0.251075088082643
FLD score: -0.00914001544316722
FLD score: 0.0187450753681635
FLD score: 0.241676018876699
FLD score: 0.210609554895722
FLD score: -0.169405244231941
FLD score: 0.237926258990925
FLD score: 0.0169297744939165
FLD score: -0.0721815585391439
FLD score: -0.166722460214097
FLD score: 0.0059067716550548
FLD score: 0.166910947217745
FLD score: 0.0408946544964264
FLD score: -0.138260456535634
FLD score: 0.173022282677181
FLD score: -0.0721093538876591
FLD score: 0.340301791306437
FLD score: 0.0223840453617925
FLD score: 0.201986912689678
FLD score: 0.396003826989735
FLD score: -0.145204575948863
FLD score: 0.150795845605941
FLD score: -0.18829138502822
FLD score: 0.0532990298394048
FLD score: 0.118393222664907
FLD score: -0.0521349928788655
FLD score: 0.00324288068259766
FLD score: -0.0525768088691482
FLD score: -0.0800648713171974
FLD score: 0.171592547758432
FLD score: -0.175856502774864
FLD score: -0.0756098914827758
FLD score: -0.107512326242344
FLD score: 0.000813118328502087
FLD score: -0.325388234981981
FLD score: 0.178902789843953
FLD score: 0.0483511363858058
FLD score: -0.107928817363211
FLD score: 0.121066486922397
FLD score: 0.0789001566437919
FLD score: 0.207283390676834
FLD score: 0.0333645216941752
FLD score: 0.0772650378566804
FLD score: 0.300510943711697
FLD score: 0.0381724387446462
FLD score: 0.203356478393036
FLD score: 0.209231773737499
FLD score: 0.155551342171409
FLD score: 0.252551078571564
FLD score: -0.071412156765187
FLD score: 0.0473155369826311
FLD score: 0.0565609379173829
FLD score: 0.177861913932376
FLD score: -0.268538959222772
FLD score: 0.200448439871225
FLD score: 0.0187433988284984
FLD score: -0.0243197752594485
Current cycle: 500
FLD score: 0.164447735962444
FLD score: 0.0657926549026347
FLD score: -0.0546097437276627
FLD score: -0.198996514846348
FLD score: 0.0441973759262401
FLD score: -0.181484853450069
FLD score: 0.115468940458134
FLD score: -0.0939207797729516
FLD score: 0.285109240626298
FLD score: -0.0593624843920521
FLD score: 0.2037813831638
FLD score: -0.120699041505629
FLD score: 0.235937161502168
FLD score: -0.0411146987626869
FLD score: 0.2272560056664
FLD score: 0.00666031176937294
FLD score: 0.12251971170941
FLD score: -0.161724214118463
FLD score: 0.00503751463802492
FLD score: -0.12373789192537
FLD score: -0.114656391290484
FLD score: 0.268811166507385
FLD score: -0.0635261958090345
FLD score: -0.0189095649154721
FLD score: 0.198043069215801
FLD score: 0.160989016596136
FLD score: -0.131451263036223
FLD score: 0.111100047564103
FLD score: 0.211789888540984
FLD score: 0.0113304274264595
FLD score: -0.0437358182344555
FLD score: 0.0792108858746345
FLD score: -0.0497777917739851
FLD score: 0.187375544654622
FLD score: 0.168240530126311
FLD score: -0.0390496606866837
FLD score: 0.10320210042593
FLD score: 0.22496524485294
FLD score: 0.139916018399848
FLD score: 0.00760751765977284
FLD score: 0.0324122495290215
FLD score: 0.0643516854263738
FLD score: -0.0943467439075662
FLD score: -0.0235154023272982
FLD score: -0.178502049844115
FLD score: -0.18680416122118
FLD score: -0.220499429833916
FLD score: -0.225367732526833
FLD score: 0.0543048619954473
FLD score: 0.198915710863117
FLD score: 0.0503975998120906
FLD score: -0.0796580370484957
FLD score: -0.0778584176612097
FLD score: -0.182716421645457
FLD score: 0.276028032378124
FLD score: -0.031192959365584
FLD score: -0.066023214363921
FLD score: -0.105286641056891
FLD score: 0.0506955342673058
FLD score: -0.0296499993047671
FLD score: -0.0666120840804341
FLD score: 0.165648942177823
FLD score: 0.129909385503199
FLD score: -0.250936392939006
FLD score: -0.121903741065022
FLD score: 0.213061213337014
FLD score: 0.0927020880962142
FLD score: 0.245483748360938
FLD score: -0.26957897319905
FLD score: 0.295283580973014
FLD score: -0.0413379165142822
FLD score: 0.178998955425952
FLD score: -0.463347798015161
FLD score: 0.188527660384759
FLD score: 0.0941076240409627
FLD score: 0.225783312178401
FLD score: -0.193365715718786
FLD score: -0.0593702791455709
FLD score: 0.0838832310610433
FLD score: 0.335259920231749
FLD score: -0.081731310891038
FLD score: 0.0426647377436709
FLD score: 0.154117398469928
FLD score: 0.211166730389488
FLD score: 0.138842511624871
FLD score: -0.118589868016764
FLD score: -0.040065413573472
FLD score: -0.0457085346997361
FLD score: -0.0522807245816518
FLD score: -0.0249547171964648
FLD score: -0.0924845505329178
FLD score: -0.249468825154128
FLD score: 0.031064024058621
FLD score: -0.134491792901543
FLD score: 0.105090376046903
FLD score: 0.0651794913280612
FLD score: -0.0123239669681603
FLD score: -0.218353388582242
FLD score: -0.119701166012593
FLD score: 0.0307666421794722
Current cycle: 600
FLD score: -0.0736675958067506
FLD score: -0.182189842381064
FLD score: -0.0243030482400828
FLD score: 0.0125071767211783
FLD score: -0.116485257758411
FLD score: -0.145554812638763
FLD score: -0.126202292861674
FLD score: 0.204664031229394
FLD score: 0.160247893050797
FLD score: -0.0521017205406952
FLD score: -0.146289630505886
FLD score: 0.000119762333774005
FLD score: -0.195793334047277
FLD score: 0.229554347799194
FLD score: -0.10169832424978
FLD score: -0.222026494758361
FLD score: 0.00557943707993295
FLD score: 0.110984757522343
FLD score: -0.0476411280087832
FLD score: -0.0177060757251163
FLD score: -0.0989605843815554
FLD score: -0.0371803904520633
FLD score: -0.0392089768480712
FLD score: 0.10592472297343
FLD score: 0.106300921521955
FLD score: -0.0269263718270212
FLD score: 0.258405992072596
FLD score: 0.218442024112598
FLD score: 0.124275967733373
FLD score: -0.0712590358606482
FLD score: 0.264404564125656
FLD score: -0.0214819779282553
FLD score: 0.108067172478686
FLD score: -0.323732180978797
FLD score: -0.00201000789459866
FLD score: 0.117606053453772
FLD score: 0.0134057696315046
FLD score: 0.108828045494451
FLD score: 0.0831841931677365
FLD score: 0.0608163016302759
FLD score: 0.0895024138645042
FLD score: 0.176672205900197
FLD score: -0.0189916999420884
FLD score: -0.0634141729625196
FLD score: -0.250513446944265
FLD score: 0.0997030466905374
FLD score: 0.103695962076644
FLD score: -0.157854145718025
FLD score: 0.216425158267846
FLD score: 0.214623887923769
FLD score: 0.206869563776175
FLD score: 0.0158593680938388
FLD score: -0.146860762870132
FLD score: -0.029356037481584
FLD score: -0.064841950642066
FLD score: 0.338370154983503
FLD score: 0.096038280143688
FLD score: -0.16545558643164
FLD score: 0.172493434168693
FLD score: 0.160109995416914
FLD score: -0.0838668777419227
FLD score: 0.0480980045852775
FLD score: -2.64362618149069e-05
FLD score: 0.258029397797826
FLD score: -0.0681953397137125
FLD score: -0.289006328033665
FLD score: 0.101743340755682
FLD score: 0.0695995860654022
FLD score: 0.161679340029706
FLD score: -0.266520958903772
FLD score: 0.117181249711152
FLD score: 0.0225020226937349
FLD score: -0.0139202730996548
FLD score: -0.123412427473338
FLD score: 0.0153454092541416
FLD score: -0.0841329320161299
FLD score: 0.0247511779140736
FLD score: 0.151556164974003
FLD score: -0.110344633861609
FLD score: -0.113730771675199
FLD score: -0.055717276921231
FLD score: -0.0773795104565844
FLD score: 0.0881442430818359
FLD score: 0.128629455602492
FLD score: -0.0245792305885555
FLD score: -0.12812493914727
FLD score: 0.117573567709519
FLD score: 0.227072843661606
FLD score: -0.0891399376135665
FLD score: 0.401060815866151
FLD score: -0.118797647988868
FLD score: -0.0921086218464349
FLD score: 0.0717135629389667
FLD score: -0.235352041809131
FLD score: 0.308570983212749
FLD score: -0.0597716119716594
FLD score: 0.113961026324565
FLD score: -0.192817203560544
FLD score: 0.00422653579120794
FLD score: -0.0575988428479077
Current cycle: 700
FLD score: -0.41047521451067
FLD score: 0.145175706109486
FLD score: -0.0558681847676019
FLD score: -0.162121922490523
FLD score: 0.0356203195007267
FLD score: 0.258175913492367
FLD score: -0.0236147248422881
FLD score: -0.0178256333411793
FLD score: 0.00756416804365962
FLD score: -0.474415450470458
FLD score: 0.034580120843023
FLD score: 0.225398912498994
FLD score: 0.148202414497888
FLD score: -0.0680878871219721
FLD score: -0.132706507059131
FLD score: -0.0945142596729628
FLD score: -0.115626993452856
FLD score: 0.233034077563262
FLD score: 0.064713916369756
FLD score: -0.121613029342152
FLD score: -0.0162523442445691
FLD score: -0.00806591506045396
FLD score: -0.0420888968171452
FLD score: 0.00981385256161654
FLD score: 0.112512775447045
FLD score: 0.263599206262906
FLD score: 0.139490832193024
FLD score: -0.0948005018309117
FLD score: 0.0633047570286878
FLD score: 0.1024410111118
FLD score: 0.0309343799817549
FLD score: -0.167628392022024
FLD score: 0.0281535140106126
FLD score: -0.0921600369982733
FLD score: -0.0165134762822087
FLD score: 0.164553492782189
FLD score: -0.0462108533039282
FLD score: -0.167939429388717
FLD score: -0.0933782951460485
FLD score: -0.0441845685984329
FLD score: -0.0625088145023724
FLD score: 0.249030584760916
FLD score: -0.0422024833720636
FLD score: 0.0073613378461805
FLD score: -0.202452032509513
FLD score: -0.0894297594947436
FLD score: 0.0376717483365383
FLD score: -0.00527036071142393
FLD score: 0.262663882171747
FLD score: -0.0822422743767199
FLD score: 0.106793631596052
FLD score: 0.103306853930164
FLD score: 0.198749155778622
FLD score: -0.0788687367380124
FLD score: 0.24507335611571
FLD score: 0.162873025063044
FLD score: 0.272562311193354
FLD score: -0.323707791727487
FLD score: 0.0695041062140151
FLD score: 0.0860187641618165
FLD score: -0.0930944223101837
FLD score: 0.0106192036493422
FLD score: -0.090907009623073
FLD score: 0.0790690356131772
FLD score: 0.107214041573201
FLD score: -0.104835225090735
FLD score: -0.0889056396230015
FLD score: 0.247889333171337
FLD score: 0.000931556072752427
FLD score: 0.250471825936881
FLD score: 0.0535032173784007
FLD score: -0.0804547182954258
FLD score: 0.00841414945060005
FLD score: 0.0244107374453904
FLD score: -0.0386420461527103
FLD score: 0.230997021615998
FLD score: -0.0208732702894488
FLD score: 0.17446455092102
FLD score: 0.324169323962721
FLD score: 0.202418899156906
FLD score: 0.27705342183337
FLD score: -0.0670176626457193
FLD score: 0.166288092463544
FLD score: 0.159682773938699
FLD score: 0.0180185848904051
FLD score: 0.146994246868995
FLD score: 0.366315194011849
FLD score: -0.0770226898798364
FLD score: -0.081506476857461
FLD score: -0.000314277872495455
FLD score: -0.0470671746569969
FLD score: -0.14841263524063
FLD score: 0.0735974812650306
FLD score: -0.0399178581603999
FLD score: 0.168371435478287
FLD score: 0.170057037093703
FLD score: -0.0514535442427165
FLD score: -0.137648625686191
FLD score: -0.00777549931162192
FLD score: 0.23195746601731
Current cycle: 800
FLD score: 0.187864340892342
FLD score: 0.107327582381806
FLD score: -0.164464902342465
FLD score: -0.119387252163474
FLD score: -0.0779440316627071
FLD score: 0.138786360297672
FLD score: 0.192757913404635
FLD score: 0.135032356634148
FLD score: 0.100516326454934
FLD score: 0.154470766961331
FLD score: 0.0629991725124555
FLD score: 0.160064792445511
FLD score: 0.366932450006268
FLD score: -0.169127265867472
FLD score: 0.294124707520569
FLD score: -0.0135029915149168
FLD score: -0.127909943693888
FLD score: 0.307615262937631
FLD score: -0.107047307025677
FLD score: 0.019263752817373
FLD score: -0.0588309827843739
FLD score: 0.182210792389165
FLD score: 0.371552487088882
FLD score: 0.120792883131171
FLD score: 0.10661396051417
FLD score: -0.105875263538781
FLD score: 0.164338529546629
FLD score: -0.279746429009819
FLD score: 0.0553380303522456
FLD score: -0.156225221286843
FLD score: 0.0513624369251395
FLD score: -0.0734785184761119
FLD score: -0.0791589573163453
FLD score: -0.00440711520619405
FLD score: 0.106932893947117
FLD score: 0.0478321202608388
FLD score: -0.0885899815061294
FLD score: 0.00086271135360908
FLD score: 0.144508566100034
FLD score: 0.188989683074447
FLD score: 0.153526088695446
FLD score: 0.171087971777139
FLD score: 0.0901743683301038
FLD score: -0.133640059288167
FLD score: 0.0653582650057824
FLD score: -0.0848479525813523
FLD score: 0.180695650604318
FLD score: -0.20327087016996
FLD score: 0.105910113977217
FLD score: -0.0835532411193722
FLD score: 0.341508373443684
FLD score: 0.131656399059747
FLD score: 0.330210004338375
FLD score: 0.0689618609678579
FLD score: -0.0879151291112468
FLD score: 0.0274896827629576
FLD score: 0.134472468179818
FLD score: 0.236716923887869
FLD score: 0.0242772980990703
FLD score: -0.297181660501862
FLD score: 0.129706922729542
FLD score: -0.180789690738285
FLD score: 0.18732505558738
FLD score: -0.00197034950700792
FLD score: -0.139182436889603
FLD score: -0.0764851475792983
FLD score: -0.00239832757942885
FLD score: 0.0478150526750051
FLD score: -0.194874681716037
FLD score: 0.186574590235418
FLD score: -0.127572807905382
FLD score: -0.15731957704981
FLD score: -0.0490258058034488
FLD score: 0.0705590170894303
FLD score: 0.171661892374562
FLD score: 0.210830835931316
FLD score: 0.192186918002148
FLD score: 0.0314946066366598
FLD score: -0.0493052081313645
FLD score: -0.246652136646777
FLD score: 0.115561356332684
FLD score: 0.199110808228536
FLD score: 0.100869834284894
FLD score: -0.241300209441141
FLD score: -0.0594624496593933
FLD score: -0.239364884334407
FLD score: 0.212201069618117
FLD score: 0.0204175401907013
FLD score: -0.364484826087486
FLD score: -0.202150394557059
FLD score: -0.293705094671131
FLD score: -0.0882668157579274
FLD score: 0.0422382455717544
FLD score: 0.134090350684721
FLD score: -0.218303963387393
FLD score: -0.0138468534896665
FLD score: 0.333722715412611
FLD score: 0.0831622890496072
FLD score: 0.182422878648697
FLD score: 0.123174140553866
Current cycle: 900
FLD score: 0.297370663187835
FLD score: 0.0467090365604058
FLD score: -0.267705125890554
FLD score: -0.110018541972159
FLD score: 0.148750176833933
FLD score: -0.123837360655777
FLD score: 0.241615039398841
FLD score: 0.127353432568939
FLD score: 0.134309546615839
FLD score: 0.267781651243643
FLD score: 0.187122913803057
FLD score: 0.153292854654069
FLD score: 0.0438000053485519
FLD score: 0.0350119060683019
FLD score: 0.117416690428815
FLD score: -0.0605956418070345
FLD score: 0.0679098215397963
FLD score: -0.140100037242004
FLD score: -0.0616494014987081
FLD score: 0.33497202971569
FLD score: 0.146905577855548
FLD score: 0.117969117254346
FLD score: 0.107623473674021
FLD score: 0.0634840853671033
FLD score: 0.156442729181464
FLD score: -0.0224794386726924
FLD score: -0.0842115022903542
FLD score: -0.0658903528178465
FLD score: 0.0388624956566504
FLD score: 0.0901014045781458
FLD score: -0.256051331449698
FLD score: -0.161216829157215
FLD score: 0.145853912893648
FLD score: -0.174024479990204
FLD score: 0.0687787535444458
FLD score: -0.143140394581743
FLD score: 0.202691921660476
FLD score: -0.00266410433465053
FLD score: -0.0807222022389791
FLD score: -0.491791496156583
FLD score: -0.195603177342358
FLD score: 0.0612178480443376
FLD score: -0.0824578559472073
FLD score: -0.0845388946441478
FLD score: -0.00808617856174117
FLD score: 0.0561498326975082
FLD score: -0.0805482635718581
FLD score: 0.0908457768255999
FLD score: -0.1240330594067
FLD score: 0.0471396389048465
FLD score: -0.130306671151565
FLD score: -0.0886163828305246
FLD score: 0.051349048345457
FLD score: -0.00717711202274663
FLD score: 0.0810157753814855
FLD score: 0.0652982094605571
FLD score: -0.00516516510277793
FLD score: -0.0152969840681313
FLD score: 0.0333708253736157
FLD score: 0.103977867896714
FLD score: 0.0225555091126481
FLD score: 0.328083524726454
FLD score: 0.0348101752030297
FLD score: -0.115973372097519
FLD score: -0.0641353835528933
FLD score: 0.150903933764738
FLD score: -0.0655603751693058
FLD score: -0.0942863808992255
FLD score: 0.184163842476552
FLD score: -0.0796048335972905
FLD score: 0.10609795676758
FLD score: 0.229336927582338
FLD score: 0.316748843059086
FLD score: 0.0572602613304843
FLD score: -0.0896975723642022
FLD score: -0.0161752755029096
FLD score: 0.00348424754670455
FLD score: -0.0572620638917605
FLD score: -0.212510399495026
FLD score: 0.0569209584003815
FLD score: 0.0630979954365718
FLD score: 0.0150079785646797
FLD score: -0.187967400847624
FLD score: -0.125454663449027
FLD score: -0.142313635270029
FLD score: 0.149703851267205
FLD score: 0.166005172538681
FLD score: 0.0908682186743359
FLD score: 0.12906459471028
FLD score: -0.160194136337093
FLD score: -0.110400380681288
FLD score: -0.164703123966859
FLD score: -0.141409016164842
FLD score: 0.00937878652504952
FLD score: 0.00841514217867806
FLD score: -0.108102454534294
FLD score: -0.0915829651378443
FLD score: 0.288088368234544
FLD score: -0.0716544910921086
FLD score: 0.164132011175524
Current cycle: 1000
FLD score: -0.1731332443701
FLD score: 0.00794925537551671
FLD score: 0.330308435292767
FLD score: -0.0771521904516074
FLD score: 0.118052738004473
FLD score: -0.13372445015093
FLD score: -0.0181144572869055
FLD score: -0.104127545882584
FLD score: -0.104222545778294
FLD score: 0.206820086524326
FLD score: 0.0910837209998848
FLD score: 0.137803128000449
FLD score: -0.111125959260257
FLD score: 0.201283652809385
FLD score: -0.156522888764677
FLD score: 0.0177392975637303
FLD score: 0.272771930121711
FLD score: 0.178226423960889
FLD score: 0.142880138056726
FLD score: 0.0880925334299955
FLD score: 0.103289834930063
FLD score: -0.0141854920665142
FLD score: 0.206649880101831
FLD score: -0.286217974530945
FLD score: -0.0808569738223866
FLD score: -0.168896310832037
FLD score: 0.183571578631089
FLD score: 0.0520154544874974
FLD score: -0.176776870990792
FLD score: 0.0938048488667611
FLD score: -0.00749222790976884
FLD score: 0.0990403384576617
FLD score: -0.0510825447168202
FLD score: -0.0517432501559585
FLD score: -0.111171748828052
FLD score: -0.268504130088729
FLD score: 0.152800623083614
FLD score: -0.23636707129079
FLD score: 0.280435221062301
FLD score: -0.232278796904811
FLD score: 0.131079030350833
FLD score: 0.0720546654877363
FLD score: -0.0829776786227949
FLD score: 0.116373251497111
FLD score: 0.0183991514514812
FLD score: 0.172490103004459
FLD score: -0.104431779093882
FLD score: -0.0509428186747336
FLD score: 0.142093505653175
FLD score: -0.024264276182811
FLD score: 0.0444746971550469
FLD score: 0.117379970859443
FLD score: 0.00883113319417594
FLD score: -0.12590630216734
FLD score: 0.112855465671089
FLD score: 0.12145896620682
FLD score: 0.0544579860582202
FLD score: 0.253485455001712
FLD score: -0.235940088351609
FLD score: 0.0279989874824526
FLD score: -0.0971709745159487
FLD score: 0.180343969901586
FLD score: 0.0424937313798482
FLD score: -0.0393146457457362
FLD score: 0.0201423624472065
FLD score: 0.0201569212417288
FLD score: 0.0924815095479974
FLD score: 0.253091436713158
FLD score: -0.00742249255058477
FLD score: 0.166015816059971
FLD score: -0.0933506680256388
FLD score: -0.10346264273155
FLD score: 0.0416160139566018
FLD score: 0.249240060604081
FLD score: 0.0408805073406022
FLD score: 0.0290747740037113
FLD score: 0.0356296222931358
FLD score: 0.348621910967664
FLD score: -0.12280348304946
FLD score: -0.00525656796578783
FLD score: 0.0843343583429912
FLD score: -0.119219183940805
FLD score: -0.0629977531039054
FLD score: 0.100317911197288
FLD score: -0.225835492280808
FLD score: 0.100815788344838
FLD score: -0.0249079180128528
Top Ranking Differentially Expressed Genes:
1. 39070_at
2. 39287_at
3. 1552_i_at
4. 1308_g_at
5. 1424_s_at
6. 117_at
7. 39333_at
8. 38333_at
9. 33886_at
10. 35572_f_at
11. 33578_at
12. 37244_at
13. 37273_at
14. 39590_at
15. 34382_at
16. 40194_at
17. 32257_f_at
18. 34308_at
19. 33962_at
20. 33484_at
21. 35793_at
22. 40517_at
23. 33522_at
24. 31806_at
25. 33661_at
26. 36450_at
27. 33154_at
28. 34946_at
29. 39231_at
30. 33988_at
31. 34815_at
32. 40525_at
33. 40047_at
34. 1994_at
35. 41782_g_at
36. 37139_at
37. 32073_at
38. 34557_at
39. 40576_f_at
40. 35184_at
41. 40092_at
42. 37502_at
43. 41520_at
44. 2026_at
45. 41380_at
46. 37375_at
47. 35810_at
48. 37845_at
49. 40935_at
50. 32658_at
51. 32543_at
52. 1251_g_at
53. 33836_at
54. 1985_s_at
55. 36654_s_at
56. 41372_at
57. 32420_at
58. 32293_at
59. 36989_at
60. 35721_at
61. 32616_at
62. 31924_at
63. 35340_at
64. 40919_at
65. 35691_r_at
66. 34492_at
67. 31916_at
68. 38493_at
69. 1808_s_at
70. 33028_at
71. 35809_g_at
72. 34169_s_at
73. 39202_at
74. 33873_at
75. 37638_at
76. 33747_s_at
77. 36066_at
78. 37126_at
79. 36536_at
80. 39832_at
81. 34447_at
82. 36413_at
83. 938_at
84. 1986_at
85. 41431_at
86. 36507_at
87. 33382_at
88. 34099_f_at
89. 39824_at
90. 353_at
91. 38472_at
92. 39169_at
93. 1217_g_at
94. 38502_at
95. 39837_s_at
96. 32661_s_at
97. 37029_at
98. 37477_at
99. 32653_at
100. 39706_at
101. 34079_at
102. 31360_at
103. 38341_at
104. 38477_at
105. 41018_at
106. 36032_at
107. 39456_at
108. 38325_at
109. 32065_at
110. 41410_at
111. 38845_at
112. 34002_at
113. 33353_at
114. 37338_at
115. 1778_g_at
116. 32755_at
117. 36609_at
118. 31690_at
119. 1343_s_at
120. 33865_at
121. 40672_at
122. 35954_at
123. 2018_at
124. 448_s_at
125. 34962_at
126. 33781_s_at
127. 37719_at
128. 1533_at
129. 40611_s_at
130. 38684_at
131. 37861_at
132. 41729_at
133. 31450_s_at
134. 39138_g_at
135. 40758_at
136. 34463_at
137. 33002_at
138. 941_at
139. 37281_at
140. 36748_at
141. 1717_s_at
142. 36846_s_at
143. 1377_at
144. 36163_at
145. 37751_at
146. 32640_at
147. 1774_at
148. 36016_at
149. 34189_at
150. 40071_at
151. 32789_at
152. 34721_at
153. 1517_at
154. 40790_at
155. 37493_at
156. 36793_at
157. 35667_at
158. 35573_r_at
159. 1018_at
160. 34832_s_at
161. 699_s_at
162. 34828_at
163. 37890_at
164. 39840_at
165. 731_f_at
166. 38719_at
167. 40554_at
168. 37968_at
169. 35087_at
170. 133_at
171. 40702_at
172. 971_s_at
173. 1433_g_at
174. 1662_r_at
175. 925_at
176. 34696_at
177. 33771_at
178. 39467_f_at
179. 38799_at
180. 37257_at
181. 36311_at
182. 32387_at
183. 39062_at
184. 35662_at
185. 34016_s_at
186. 40779_at
187. 35552_at
188. 37730_at
189. 2028_s_at
190. 34316_at
191. 41128_at
192. 1026_s_at
193. 40782_at
194. 33603_at
195. 1961_f_at
196. 807_at
197. 33366_at
198. 41680_at
199. 36155_at
200. 41855_at
201. 41246_at
202. 36498_at
203. 37756_at
204. 40186_at
205. 36641_at
206. 40901_at
207. 41871_at
208. 1402_at
209. 31801_at
210. 32588_s_at
211. 40407_at
212. 33828_at
213. 32115_r_at
214. 37011_at
215. 36617_at
216. 38215_at
217. 41745_at
218. 40296_at
219. 1318_at
220. 34527_r_at
221. 38811_at
222. 37853_at
223. 33857_at
224. 32264_at
225. 38706_at
226. 688_at
227. 831_at
228. 31712_at
229. 1245_i_at
230. 38668_at
231. 33750_at
232. 1436_at
233. 34836_at
234. 32548_at
235. 37359_at
236. 34734_at
237. 39164_at
238. 36008_at
239. 549_at
240. 32011_g_at
241. 37105_at
242. 32530_at
243. 32052_at
244. 40812_at
245. 1509_at
246. 31792_at
247. 846_s_at
248. 32932_at
249. 41651_at
250. 37346_at
251. 235_at
252. 2003_s_at
253. 32881_at
254. 38824_at
255. 33219_at
256. 39406_at
257. 36544_at
258. 32857_at
259. 33269_at
260. 40625_f_at
261. 2064_g_at
262. 1444_at
263. 37764_at
264. 38448_at
265. 40538_at
266. 37523_at
267. 39921_at
268. 40559_at
269. 38853_at
270. 37121_at
271. 39100_at
272. 32044_at
273. 32191_at
274. 946_at
275. 39320_at
276. 34006_s_at
277. 31740_s_at
278. 35299_at
279. 36879_at
280. 31953_f_at
281. 35074_at
282. 40868_at
283. 39223_at
284. 32028_at
285. 41267_at
286. 798_at
287. 608_at
288. 38083_at
289. 40084_at
290. 41812_s_at
291. 39012_g_at
292. 36751_at
293. 36171_at
294. 611_at
295. 2045_s_at
296. 35544_at
297. 36172_s_at
298. 38620_at
299. 36625_at
300. 1423_at
301. 36147_at
302. 1651_at
303. 31903_at
304. 39427_at
305. 40774_at
306. 37722_s_at
307. 38558_at
308. 32776_at
309. 40111_g_at
310. 38451_at
311. 38441_s_at
312. 37083_s_at
313. 34849_at
314. 31572_at
315. 31315_at
316. 41627_at
317. 33599_at
318. 37612_at
319. 37625_at
320. 32425_at
321. 34991_at
322. 582_g_at
323. 581_at
324. 34925_at
325. 35303_at
326. 39582_at
327. 41619_at
328. 40068_at
329. 37866_at
330. 39950_at
331. 33881_at
332. 41398_at
333. 40787_at
334. 40509_at
335. 39939_at
336. 35823_at
337. 36858_at
338. 34353_at
339. 31899_at
340. 32784_at
341. 37016_at
342. 251_at
343. 1450_g_at
344. 39180_at
345. 40733_f_at
346. 181_g_at
347. 36286_at
348. 31925_s_at
349. 39198_s_at
350. 38582_at
351. 41606_at
352. 36802_at
353. 36598_s_at
354. 37391_at
355. 734_at
356. 37155_at
357. 603_at
358. 35887_at
359. 1259_at
360. 1664_at
361. 39172_at
362. 39111_s_at
363. 35683_at
364. 40650_r_at
365. 40011_s_at
366. 37609_at
367. 713_at
368. 38362_at
369. 1648_at
370. 36168_at
371. 1313_at
372. 39059_at
373. 36783_f_at
374. 39075_at
375. 36176_at
376. 35831_at
377. 40648_at
378. 32886_at
379. 33010_at
380. 34332_at
381. 38464_at
382. 35329_at
383. 36920_at
384. 39067_at
385. 381_s_at
386. 40342_at
387. 34392_s_at
388. 41512_at
389. 40575_at
390. 39896_at
391. 34501_at
392. 32200_at
393. 38370_at
394. 37955_at
395. 1680_at
396. 32506_at
397. 1181_at
398. 33849_at
399. 40897_at
400. 35230_at
401. 41868_at
402. 38202_at
403. 32441_at
404. 35815_at
405. 35879_at
406. 35192_at
407. 39773_at
408. 1025_g_at
409. 33582_s_at
410. 37971_at
411. 32739_at
412. 41648_at
413. 109_at
414. 33844_at
415. 38260_at
416. 31548_at
417. 34705_at
418. 41635_at
419. 33264_at
420. 1546_at
421. 33272_at
422. 37587_at
423. 31704_at
424. 38118_at
425. 32409_at
426. 41790_at
427. 38359_at
428. 33133_at
429. 1410_at
430. 40876_at
431. 35316_at
432. 41259_at
433. 35311_at
434. 933_f_at
435. 35258_f_at
436. 36150_at
437. 37249_at
438. 31344_at
439. 36764_at
440. 41682_s_at
441. 41316_s_at
442. 1042_at
443. 36299_at
444. 38142_at
445. 38727_at
446. 1084_at
447. 41423_at
448. 38808_at
449. 38689_at
450. 39662_s_at
451. 41407_at
452. 1551_g_at
453. 39888_at
454. 36201_at
455. 37641_at
456. 37485_at
457. 35946_at
458. 37367_at
459. 40415_at
460. 33499_s_at
461. 41214_at
462. 40656_at
463. 33608_at
464. 39341_at
465. 31352_at
466. 361_at
467. 37228_at
468. 32154_at
469. 358_at
470. 35798_at
471. 35807_at
472. 34594_at
473. 38308_g_at
474. 1950_s_at
475. 34087_at
476. 34390_at
477. 41643_at
478. 1455_f_at
479. 35206_at
480. 35557_at
481. 39365_i_at
482. 1451_s_at
483. 36769_at
484. 39210_at
485. 38968_at
486. 222_at
487. 33125_at
488. 31556_at
489. 31819_at
490. 1393_at
491. 41737_at
492. 38075_at
493. 32248_at
494. 32916_at
495. 953_g_at
496. 36582_g_at
497. 34688_at
498. 41466_s_at
499. 36074_at
500. 32183_at
501. 954_s_at
502. 36895_at
503. 33162_at
504. 34010_at
505. 40063_at
506. 36947_s_at
507. 898_s_at
508. 33530_at
509. 35345_at
510. 1627_at
511. 35802_at
512. 40927_at
513. 33975_at
514. 38512_r_at
515. 39309_at
516. 38485_at
517. 1160_at
518. 34783_s_at
519. 37378_r_at
520. 32792_at
521. 32522_f_at
522. 1916_s_at
523. 1668_s_at
524. 33640_at
525. 40334_at
526. 33120_at
527. 40410_at
528. 403_s_at
529. 1267_at
530. 38354_at
531. 33031_at
532. 32404_at
533. 34040_s_at
534. 34975_at
535. 41415_at
536. 32801_at
537. 410_s_at
538. 35176_at
539. 39697_at
540. 696_at
541. 38236_at
542. 39468_r_at
543. 35912_at
544. 35002_g_at
545. 39397_at
546. 38207_at
547. 852_at
548. 40685_at
549. 1975_s_at
550. 40452_at
551. 38697_at
552. 31433_at
553. 36780_at
554. 32175_at
555. 39054_at
556. 36659_at
557. 39811_at
558. 41283_at
559. 33256_at
560. 41330_s_at
561. 1669_at
562. 37252_at
563. 38169_s_at
564. 41387_r_at
565. 41305_at
566. 1795_g_at
567. 40199_at
568. 39778_at
569. 33954_at
570. 31328_at
571. 41288_at
572. 33755_at
573. 1596_g_at
574. 37620_at
575. 41047_at
576. 31797_at
577. 38692_at
578. 38510_at
579. 37882_at
580. 33138_at
581. 1002_f_at
582. 364_s_at
583. 40951_at
584. 38435_at
585. 33174_s_at
586. 40191_s_at
587. 34340_at
588. 38121_at
589. 944_s_at
590. 41402_at
591. 38751_i_at
592. 38338_at
593. 35214_at
594. 40643_at
595. 37748_at
596. 38735_at
597. 35904_at
598. 37354_at
599. 37150_at
600. 1709_g_at
601. 1876_at
602. 33412_at
603. 33852_at
604. 41385_at
605. 40922_at
606. 37976_at
607. 34983_at
608. 36937_s_at
609. 612_s_at
610. 1884_s_at
611. 34206_at
612. 35112_at
613. 31432_g_at
614. 34616_at
615. 38346_at
616. 36281_at
617. 35938_at
618. 34578_at
619. 36375_at
620. 33404_at
621. 39088_at
622. 37413_at
623. 36040_at
624. 33227_at
625. 40943_at
626. 37498_at
627. 36421_at
628. 354_s_at
629. 41847_at
630. 38053_s_at
631. 33277_at
632. 33146_at
633. 41173_at
634. 41160_at
635. 35061_at
636. 901_g_at
637. 37579_at
638. 455_at
639. 38317_at
640. 39918_at
641. 39435_at
642. 38816_at
643. 41157_at
644. 1906_at
645. 37032_at
646. 35675_at
647. 31768_at
648. 35769_at
649. 38714_at
650. 37265_at
651. 33497_at
652. 510_g_at
653. 38490_r_at
654. 37024_at
655. 32560_s_at
656. 31409_at
657. 31929_at
658. 35785_at
659. 1165_at
660. 31551_at
661. 39799_at
662. 41753_at
663. 32556_at
664. 34630_s_at
665. 860_at
666. 33860_at
667. 32674_at
668. 36755_s_at
669. 31829_r_at
670. 1431_at
671. 34125_at
672. 41766_at
673. 32527_at
674. 113_i_at
675. 829_s_at
676. 35565_at
677. 39692_at
678. 32433_at
679. 31528_f_at
680. 38252_s_at
681. 38011_at
682. 36670_at
683. 2055_s_at
684. 33387_at
685. 382_at
686. 36667_at
687. 40149_at
688. 33141_at
689. 33117_r_at
690. 37780_at
691. 36976_at
692. 41525_at
693. 32843_s_at
694. 39574_at
695. 35530_f_at
696. 38604_at
697. 32323_at
698. 38676_at
699. 33967_at
700. 33763_at
701. 40203_at
702. 40431_at
703. 31679_at
704. 37963_at
705. 36874_at
706. 36308_at
707. 39879_s_at
708. 34324_at
709. 33411_g_at
710. 36184_at
711. 35189_at
712. 36142_at
713. 447_g_at
714. 38443_at
715. 35909_at
716. 1296_at
717. 40562_at
718. 1741_s_at
719. 37085_g_at
720. 41541_at
721. 38067_at
722. 36683_at
723. 35434_at
724. 36061_at
725. 39998_at
726. 40541_at
727. 34450_at
728. 34197_at
729. 32689_s_at
730. 36388_at
731. 41071_at
732. 39674_r_at
733. 40205_g_at
734. 32908_at
735. 718_at
736. 38730_at
737. 33390_at
738. 37947_at
739. 36139_at
740. 40677_at
741. 34329_at
742. 38918_at
743. 602_s_at
744. 36403_s_at
745. 38100_at
746. 33374_at
747. 34933_at
748. 36294_at
749. 35999_r_at
750. 37837_at
751. 33492_at
752. 37604_at
753. 31822_at
754. 823_at
755. 35777_at
756. 39046_at
757. 39794_at
758. 705_at
759. 1804_at
760. 34235_at
761. 34117_at
762. 104_at
763. 39668_at
764. 36058_at
765. 35420_r_at
766. 41215_s_at
767. 35646_at
768. 34078_s_at
769. 36912_at
770. 33358_at
771. 34844_at
772. 685_f_at
773. 35236_g_at
774. 41863_at
775. 40398_s_at
776. 32768_at
777. 40423_at
778. 34082_at
779. 40658_r_at
780. 37904_s_at
781. 34606_s_at
782. 39422_at
783. 33361_at
784. 37617_at
785. 37874_at
786. 35856_r_at
787. 37744_r_at
788. 38566_at
789. 32903_at
790. 39083_at
791. 34917_at
792. 312_s_at
793. 40060_r_at
794. 38105_at
795. 36552_at
796. 37362_at
797. 556_s_at
798. 39701_at
799. 36056_g_at
800. 33645_at
801. 38190_r_at
802. 34959_at
803. 31776_at
804. 37400_at
805. 836_at
806. 38625_g_at
807. 41614_at
808. 39096_at
809. 32057_at
810. 33173_g_at
811. 34345_at
812. 1385_at
813. 33517_f_at
814. 1203_at
815. 33243_at
816. 41630_at
817. 39655_at
818. 35332_at
819. 36265_at
820. 34251_at
821. 41270_at
822. 39091_at
823. 31527_at
824. 37003_at
825. 37510_at
826. 31961_r_at
827. 578_at
828. 32624_at
829. 39781_at
830. 37386_i_at
831. 41039_at
832. 41495_at
833. 37163_at
834. 36756_at
835. 1635_at
836. 41533_at
837. 32272_at
838. 32041_r_at
839. 34214_at
840. 39942_at
841. 221_s_at
842. 1685_at
843. 1300_at
844. 36257_at
845. 40050_at
846. 38722_at
847. 31911_at
848. 40264_g_at
849. 33878_at
850. 33586_at
851. 34798_at
852. 40766_at
853. 32497_s_at
854. 36192_at
855. 33251_at
856. 38947_at
857. 1227_g_at
858. 35294_at
859. 38837_at
860. 35197_at
861. 214_at
862. 40165_at
863. 41761_at
864. 37531_at
865. 35442_at
866. 35917_at
867. 39786_at
868. 36890_at
869. 34793_s_at
870. 34133_at
871. 36992_at
872. 40999_at
873. 31564_at
874. 33726_at
875. 40906_at
876. 32031_at
877. 39540_at
878. 32988_at
879. 39684_at
880. 34967_at
881. 1452_at
882. 37142_at
883. 2013_at
884. 33190_g_at
885. 33476_at
886. 33489_at
887. 197_at
888. 844_at
889. 1787_at
890. 38210_at
891. 38223_at
892. 1897_at
893. 155_s_at
894. 34109_at
895. 32666_at
896. 32412_at
897. 33506_at
898. 962_at
899. 35278_at
900. 38113_at
901. 37743_at
902. 37939_at
903. 1275_at
904. 40076_at
905. 34439_at
906. 38091_at
907. 33739_at
908. 34608_at
909. 33116_f_at
910. 41152_f_at
911. 41623_s_at
912. 37772_at
913. 32417_at
914. 1441_s_at
915. 39279_at
916. 39446_s_at
917. 39663_at
918. 1525_s_at
919. 32762_i_at
920. 36638_at
921. 32747_at
922. 41758_at
923. 35705_at
924. 34141_at
925. 37515_at
926. 36785_at
927. 1071_at
928. 38701_at
929. 36777_at
930. 815_at
931. 37147_at
932. 41664_at
933. 36646_at
934. 31454_f_at
935. 34593_g_at
936. 34573_at
937. 32315_at
938. 35079_at
939. 36045_at
940. 41672_at
941. 35654_at
942. 35324_at
943. 38198_at
944. 332_at
945. 37858_at
946. 38245_i_at
947. 37405_at
948. 347_s_at
949. 256_s_at
950. 34742_at
951. 599_at
952. 34713_at
953. 33170_at
954. 32081_at
955. 34709_r_at
956. 40275_at
957. 39185_at
958. 41275_at
959. 32551_at
960. 39676_at
961. 40669_at
962. 32159_at
963. 39430_at
964. 33007_at
965. 120_at
966. 33203_s_at
967. 37040_at
968. 33616_at
969. 39561_at
970. 1460_g_at
971. 34484_at
972. 38134_at
973. 33285_i_at
974. 35058_at
975. 39419_at
976. 35308_at
977. 36523_at
978. 1415_at
979. 484_at
980. 38508_s_at
981. 32060_at
982. 1677_at
983. 40326_at
984. 40318_at
985. 36391_at
986. 37735_at
987. 1022_f_at
988. 38574_at
989. 36882_at
990. 32167_at
991. 39545_at
992. 33469_r_at
993. 35536_at
994. 36662_at
995. 35439_at
996. 1034_at
997. 40178_at
998. 40265_s_at
999. 39913_at
1000. 33109_f_at
1001. 40173_at
1002. 1342_g_at
1003. 37706_at
1004. 35120_at
1005. 34823_at
1006. 34033_s_at
1007. 32390_at
1008. 31894_at
1009. 40567_at
1010. 34637_f_at
1011. 40211_at
1012. 35337_at
1013. 31908_at
1014. 41483_s_at
1015. 32269_at
1016. 39566_at
1017. 37800_r_at
1018. 39934_at
1019. 34358_at
1020. 36515_at
1021. 40570_at
1022. 37530_s_at
1023. 38126_at
1024. 36396_at
1025. 38926_at
1026. 38469_at
1027. 33248_at
1028. 36810_at
1029. 35581_at
1030. 39537_at
1031. 41839_at
1032. 39317_at
1033. 35681_r_at
1034. 37469_at
1035. 40282_s_at
1036. 37037_at
1037. 1761_at
1038. 1076_at
1039. 975_at
1040. 41656_at
1041. 34718_at
1042. 1035_g_at
1043. 1186_at
1044. 33594_at
1045. 828_at
1046. 40820_at
1047. 34726_at
1048. 35920_at
1049. 31425_g_at
1050. 36113_s_at
1051. 34015_at
1052. 36633_at
1053. 40930_at
1054. 35549_at
1055. 32535_at
1056. 1050_at
1057. 33734_at
1058. 40804_at
1059. 39808_at
1060. 36909_at
1061. 39038_at
1062. 1930_at
1063. 1178_at
1064. 32189_g_at
1065. 34611_at
1066. 41013_at
1067. 32138_at
1068. 41005_at
1069. 33235_at
1070. 36024_at
1071. 36081_s_at
1072. 35201_at
1073. 41050_at
1074. 41262_at
1075. 290_s_at
1076. 32849_at
1077. 38612_at
1078. 32682_at
1079. 40594_r_at
1080. 38928_r_at
1081. 31417_at
1082. 39671_at
1083. 1914_at
1084. 36053_at
1085. 33121_g_at
1086. 39689_at
1087. 39926_at
